<?xml version="1.0" encoding="UTF-8"?>
<!-- Generated by org.testng.reporters.JUnitXMLReporter -->
<testsuite hostname="INW-124" ignored="0" name="Test" tests="2" failures="0" timestamp="30 Jul 2018 15:16:00 GMT" time="0.096" errors="0">
  <testcase name="@BeforeClass beforeClass" time="0.035" classname="com.test.NewTest">
    <failure type="java.lang.NullPointerException">
      <![CDATA[java.lang.NullPointerException
at com.test.NewTest.beforeClass(NewTest.java:50)
... Removed 26 stack frames]]>
    </failure>
  </testcase> <!-- @BeforeClass beforeClass -->
  <testcase name="@AfterClass afterClass" time="0.0" classname="com.test.NewTest">
    <skipped/>
  </testcase> <!-- @AfterClass afterClass -->
  <testcase name="f" time="0.0" classname="com.test.NewTest">
    <skipped/>
  </testcase> <!-- f -->
  <testcase name="verifySearchButton" time="0.0" classname="com.test.NewTest">
    <skipped/>
  </testcase> <!-- verifySearchButton -->
</testsuite> <!-- Test -->
