<?xml version="1.0" encoding="UTF-8"?>
<testng-results skipped="0" failed="0" ignored="0" total="2" passed="2">
  <reporter-output>
  </reporter-output>
  <suite name="Default suite" duration-ms="41" started-at="2018-07-30T15:18:51Z" finished-at="2018-07-30T15:18:51Z">
    <groups>
    </groups>
    <test name="Default test" duration-ms="41" started-at="2018-07-30T15:18:51Z" finished-at="2018-07-30T15:18:51Z">
      <class name="com.test.NewTest">
        <test-method status="PASS" signature="beforeClass()[pri:0, instance:com.test.NewTest@569cfc36]" name="beforeClass" is-config="true" duration-ms="10" started-at="2018-07-30T15:18:51Z" finished-at="2018-07-30T15:18:51Z">
          <reporter-output>
          </reporter-output>
        </test-method> <!-- beforeClass -->
        <test-method status="PASS" signature="testmethod1()[pri:0, instance:com.test.NewTest@569cfc36]" name="testmethod1" duration-ms="7" started-at="2018-07-30T15:18:51Z" finished-at="2018-07-30T15:18:51Z">
          <reporter-output>
          </reporter-output>
        </test-method> <!-- testmethod1 -->
        <test-method status="PASS" signature="testmethod2()[pri:0, instance:com.test.NewTest@569cfc36]" name="testmethod2" duration-ms="2" started-at="2018-07-30T15:18:51Z" finished-at="2018-07-30T15:18:51Z">
          <reporter-output>
          </reporter-output>
        </test-method> <!-- testmethod2 -->
        <test-method status="PASS" signature="afterClass()[pri:0, instance:com.test.NewTest@569cfc36]" name="afterClass" is-config="true" duration-ms="1" started-at="2018-07-30T15:18:51Z" finished-at="2018-07-30T15:18:51Z">
          <reporter-output>
          </reporter-output>
        </test-method> <!-- afterClass -->
      </class> <!-- com.test.NewTest -->
    </test> <!-- Default test -->
  </suite> <!-- Default suite -->
</testng-results>
